<?xml version="1.0" encoding="UTF-8"?>
<testsuite xmlns:xsi="http://www.w3.org/2001/XMLSchema-instance" xsi:noNamespaceSchemaLocation="https://maven.apache.org/surefire/maven-surefire-plugin/xsd/surefire-test-report-3.0.xsd" version="3.0" name="praktikum.BurgerTest" time="0.314" tests="10" errors="0" skipped="0" failures="0">
  <properties>
[...]
</properties>
  <testcase name="testBurgerWithIngredients[0]" classname="praktikum.BurgerTest" time="0.046">
    <system-out><![CDATA[Expected Receipt:
(==== black bun ====)
= sauce hot sauce =
(==== black bun ====)

Price: 300.000000

Actual Receipt:
(==== black bun ====)
= sauce hot sauce =
(==== black bun ====)

Price: 300,000000

Formatted Actual Receipt:
(==== black bun ====)
= sauce hot sauce =
(==== black bun ====)

Price: 300.000000

]]></system-out>
  </testcase>
  <testcase name="testBurgerWithIngredients[1]" classname="praktikum.BurgerTest" time="0.008">
    <system-out><![CDATA[Expected Receipt:
(==== black bun ====)
= filling cutlet =
(==== black bun ====)

Price: 300.000000

Actual Receipt:
(==== black bun ====)
= filling cutlet =
(==== black bun ====)

Price: 300,000000

Formatted Actual Receipt:
(==== black bun ====)
= filling cutlet =
(==== black bun ====)

Price: 300.000000

]]></system-out>
  </testcase>
  <testcase name="testBurgerWithIngredients[2]" classname="praktikum.BurgerTest" time="0.003">
    <system-out><![CDATA[Expected Receipt:
(==== white bun ====)
= sauce sour cream =
(==== white bun ====)

Price: 600.000000

Actual Receipt:
(==== white bun ====)
= sauce sour cream =
(==== white bun ====)

Price: 600,000000

Formatted Actual Receipt:
(==== white bun ====)
= sauce sour cream =
(==== white bun ====)

Price: 600.000000

]]></system-out>
  </testcase>
  <testcase name="testBurgerWithIngredients[3]" classname="praktikum.BurgerTest" time="0.01">
    <system-out><![CDATA[Expected Receipt:
(==== white bun ====)
= filling dinosaur =
(==== white bun ====)

Price: 600.000000

Actual Receipt:
(==== white bun ====)
= filling dinosaur =
(==== white bun ====)

Price: 600,000000

Formatted Actual Receipt:
(==== white bun ====)
= filling dinosaur =
(==== white bun ====)

Price: 600.000000

]]></system-out>
  </testcase>
  <testcase name="testBurgerWithIngredients[4]" classname="praktikum.BurgerTest" time="0.009">
    <system-out><![CDATA[Expected Receipt:
(==== red bun ====)
= sauce chili sauce =
(==== red bun ====)

Price: 900.000000

Actual Receipt:
(==== red bun ====)
= sauce chili sauce =
(==== red bun ====)

Price: 900,000000

Formatted Actual Receipt:
(==== red bun ====)
= sauce chili sauce =
(==== red bun ====)

Price: 900.000000

]]></system-out>
  </testcase>
  <testcase name="testBurgerWithIngredients[5]" classname="praktikum.BurgerTest" time="0.01">
    <system-out><![CDATA[Expected Receipt:
(==== red bun ====)
= filling sausage =
(==== red bun ====)

Price: 900.000000

Actual Receipt:
(==== red bun ====)
= filling sausage =
(==== red bun ====)

Price: 900,000000

Formatted Actual Receipt:
(==== red bun ====)
= filling sausage =
(==== red bun ====)

Price: 900.000000

]]></system-out>
  </testcase>
  <testcase name="testBurgerWithIngredients[6]" classname="praktikum.BurgerTest" time="0.009">
    <system-out><![CDATA[Expected Receipt:
(==== black bun ====)
= sauce hot sauce =
= filling cutlet =
(==== black bun ====)

Price: 400.000000

Actual Receipt:
(==== black bun ====)
= sauce hot sauce =
= filling cutlet =
(==== black bun ====)

Price: 400,000000

Formatted Actual Receipt:
(==== black bun ====)
= sauce hot sauce =
= filling cutlet =
(==== black bun ====)

Price: 400.000000

]]></system-out>
  </testcase>
  <testcase name="testBurgerWithIngredients[7]" classname="praktikum.BurgerTest" time="0.005">
    <system-out><![CDATA[Expected Receipt:
(==== black bun ====)
= sauce hot sauce =
= sauce sour cream =
(==== black bun ====)

Price: 500.000000

Actual Receipt:
(==== black bun ====)
= sauce hot sauce =
= sauce sour cream =
(==== black bun ====)

Price: 500,000000

Formatted Actual Receipt:
(==== black bun ====)
= sauce hot sauce =
= sauce sour cream =
(==== black bun ====)

Price: 500.000000

]]></system-out>
  </testcase>
  <testcase name="testBurgerWithIngredients[8]" classname="praktikum.BurgerTest" time="0.008">
    <system-out><![CDATA[Expected Receipt:
(==== white bun ====)
= sauce sour cream =
= filling dinosaur =
(==== white bun ====)

Price: 800.000000

Actual Receipt:
(==== white bun ====)
= sauce sour cream =
= filling dinosaur =
(==== white bun ====)

Price: 800,000000

Formatted Actual Receipt:
(==== white bun ====)
= sauce sour cream =
= filling dinosaur =
(==== white bun ====)

Price: 800.000000

]]></system-out>
  </testcase>
  <testcase name="testBurgerWithIngredients[9]" classname="praktikum.BurgerTest" time="0.116">
    <system-out><![CDATA[Expected Receipt:
(==== red bun ====)
= sauce chili sauce =
= filling sausage =
(==== red bun ====)

Price: 1200.000000

Actual Receipt:
(==== red bun ====)
= sauce chili sauce =
= filling sausage =
(==== red bun ====)

Price: 1200,000000

Formatted Actual Receipt:
(==== red bun ====)
= sauce chili sauce =
= filling sausage =
(==== red bun ====)

Price: 1200.000000

]]></system-out>
  </testcase>
</testsuite>